{
  "stats": {
    "suites": 1,
    "tests": 8,
    "passes": 8,
    "pending": 0,
    "failures": 0,
    "start": "2020-08-02T09:32:10.049Z",
    "end": "2020-08-02T09:32:14.735Z",
    "duration": 4686,
    "testsRegistered": 8,
    "passPercent": 100,
    "pendingPercent": 0,
    "other": 0,
    "hasOther": false,
    "skipped": 0,
    "hasSkipped": false
  },
  "results": [
    {
      "uuid": "d693437f-a33b-4542-8a7b-32e88a84837d",
      "title": "",
      "fullFile": "cypress/integration/UserRegistration/TC01-Home.spec.js",
      "file": "cypress/integration/UserRegistration/TC01-Home.spec.js",
      "beforeHooks": [],
      "afterHooks": [],
      "tests": [],
      "suites": [
        {
          "uuid": "3fe4de1b-69ef-4835-b464-fd181f995ebd",
          "title": "Testing the home page for automationpractice",
          "fullFile": "",
          "file": "",
          "beforeHooks": [],
          "afterHooks": [],
          "tests": [
            {
              "title": "check for image in the header",
              "fullTitle": "Testing the home page for automationpractice check for image in the header",
              "timedOut": null,
              "duration": 4364,
              "state": "passed",
              "speed": "slow",
              "pass": true,
              "fail": false,
              "pending": false,
              "context": null,
              "code": "cy.get('div.banner img').should('have.attr', 'src', 'http://automationpractice.com/modules/blockbanner/img/sale70.png');",
              "err": {},
              "uuid": "fcdb183f-bf13-4d93-b5fc-9302cedc9275",
              "parentUUID": "3fe4de1b-69ef-4835-b464-fd181f995ebd",
              "isHook": false,
              "skipped": false
            },
            {
              "title": "Check the contact us",
              "fullTitle": "Testing the home page for automationpractice Check the contact us",
              "timedOut": null,
              "duration": 79,
              "state": "passed",
              "speed": "slow",
              "pass": true,
              "fail": false,
              "pending": false,
              "context": null,
              "code": "cy.get('span.shop-phone').as('shopPhone');\ncy.get('@shopPhone').contains('Call us now');\ncy.get('@shopPhone').within(function () {\n  cy.get('strong').contains('0123-456-789');\n});",
              "err": {},
              "uuid": "8fc79aa1-7967-4b79-8e1a-04aa30addd6f",
              "parentUUID": "3fe4de1b-69ef-4835-b464-fd181f995ebd",
              "isHook": false,
              "skipped": false
            },
            {
              "title": "Find the content 'Contact us'",
              "fullTitle": "Testing the home page for automationpractice Find the content 'Contact us'",
              "timedOut": null,
              "duration": 37,
              "state": "passed",
              "speed": "fast",
              "pass": true,
              "fail": false,
              "pending": false,
              "context": null,
              "code": "cy.get('div#contact-link > a').contains('Contact us').should('have.attr', 'href', 'http://automationpractice.com/index.php?controller=contact').and('have.attr', 'title', 'Contact Us');",
              "err": {},
              "uuid": "28378de9-03e7-4dec-95e5-bb7bb91c2280",
              "parentUUID": "3fe4de1b-69ef-4835-b464-fd181f995ebd",
              "isHook": false,
              "skipped": false
            },
            {
              "title": "Find the content 'Sign in'",
              "fullTitle": "Testing the home page for automationpractice Find the content 'Sign in'",
              "timedOut": null,
              "duration": 25,
              "state": "passed",
              "speed": "fast",
              "pass": true,
              "fail": false,
              "pending": false,
              "context": null,
              "code": "cy.get('div.header_user_info > a').contains('Sign in').should('have.attr', 'href', 'http://automationpractice.com/index.php?controller=my-account').and('have.attr', 'title', 'Log in to your customer account');",
              "err": {},
              "uuid": "7aa08f9f-a1e9-46ed-a743-3504416020c1",
              "parentUUID": "3fe4de1b-69ef-4835-b464-fd181f995ebd",
              "isHook": false,
              "skipped": false
            },
            {
              "title": "homepage slider should have 5 images",
              "fullTitle": "Testing the home page for automationpractice homepage slider should have 5 images",
              "timedOut": null,
              "duration": 29,
              "state": "passed",
              "speed": "fast",
              "pass": true,
              "fail": false,
              "pending": false,
              "context": null,
              "code": "cy.get('div#homepage-slider ul > li').should('have.length', '5');",
              "err": {},
              "uuid": "01b3f89a-ab5d-40db-846c-971a811347f6",
              "parentUUID": "3fe4de1b-69ef-4835-b464-fd181f995ebd",
              "isHook": false,
              "skipped": false
            },
            {
              "title": "homepage slider description",
              "fullTitle": "Testing the home page for automationpractice homepage slider description",
              "timedOut": null,
              "duration": 57,
              "state": "passed",
              "speed": "medium",
              "pass": true,
              "fail": false,
              "pending": false,
              "context": null,
              "code": "cy.get('div#homepage-slider ul > li').eq(0).as('listItem');\ncy.get('@listItem').within(function () {\n  cy.get('a').should('have.attr', 'href', 'http://www.prestashop.com/?utm_source=v16_homeslider');\n  cy.contains('div.homeslider-description h2', 'EXCEPTEUR');\n  cy.contains('div.homeslider-description p:first', 'Lorem ipsum dolor sit amet, consectetur adipiscing elit. Proin tristique in tortor et dignissim. Quisque non tempor leo. Maecenas egestas sem elit');\n});",
              "err": {},
              "uuid": "a0f154a9-f8d7-4f3f-8ade-0c4785368921",
              "parentUUID": "3fe4de1b-69ef-4835-b464-fd181f995ebd",
              "isHook": false,
              "skipped": false
            },
            {
              "title": "Test the logo",
              "fullTitle": "Testing the home page for automationpractice Test the logo",
              "timedOut": null,
              "duration": 17,
              "state": "passed",
              "speed": "fast",
              "pass": true,
              "fail": false,
              "pending": false,
              "context": null,
              "code": "cy.get('div#header_logo > a').as('logo');\ncy.get('@logo').should('have.attr', 'href', 'http://automationpractice.com/').and('have.attr', 'title', 'My Store');",
              "err": {},
              "uuid": "e97e518c-7131-4cbc-9733-96f566b952e5",
              "parentUUID": "3fe4de1b-69ef-4835-b464-fd181f995ebd",
              "isHook": false,
              "skipped": false
            },
            {
              "title": "Should have 4 social media icons",
              "fullTitle": "Testing the home page for automationpractice Should have 4 social media icons",
              "timedOut": null,
              "duration": 25,
              "state": "passed",
              "speed": "fast",
              "pass": true,
              "fail": false,
              "pending": false,
              "context": null,
              "code": "cy.get('section#social_block ul>li').should('have.length', '4');",
              "err": {},
              "uuid": "f25ac3e5-19bb-4a5b-aae4-7c9073db0546",
              "parentUUID": "3fe4de1b-69ef-4835-b464-fd181f995ebd",
              "isHook": false,
              "skipped": false
            }
          ],
          "suites": [],
          "passes": [
            "fcdb183f-bf13-4d93-b5fc-9302cedc9275",
            "8fc79aa1-7967-4b79-8e1a-04aa30addd6f",
            "28378de9-03e7-4dec-95e5-bb7bb91c2280",
            "7aa08f9f-a1e9-46ed-a743-3504416020c1",
            "01b3f89a-ab5d-40db-846c-971a811347f6",
            "a0f154a9-f8d7-4f3f-8ade-0c4785368921",
            "e97e518c-7131-4cbc-9733-96f566b952e5",
            "f25ac3e5-19bb-4a5b-aae4-7c9073db0546"
          ],
          "failures": [],
          "pending": [],
          "skipped": [],
          "duration": 4633,
          "root": false,
          "rootEmpty": false,
          "_timeout": 2000
        }
      ],
      "passes": [],
      "failures": [],
      "pending": [],
      "skipped": [],
      "duration": 0,
      "root": true,
      "rootEmpty": true,
      "_timeout": 2000
    }
  ],
  "meta": {
    "mocha": {
      "version": "7.0.1"
    },
    "mochawesome": {
      "options": {
        "quiet": false,
        "reportFilename": "mochawesome",
        "saveHtml": false,
        "saveJson": true,
        "consoleReporter": "spec",
        "useInlineDiffs": false,
        "code": true
      },
      "version": "6.1.1"
    },
    "marge": {
      "options": {
        "id": "default",
        "reportDir": "cypress/reports/mocha",
        "quite": true,
        "overwrite": false,
        "html": false,
        "json": true
      },
      "version": "5.1.0"
    }
  }
}