{
  "stats": {
    "suites": 3,
    "tests": 15,
    "passes": 15,
    "pending": 0,
    "failures": 0,
    "start": "2020-08-02T09:32:51.000Z",
    "end": "2020-08-02T09:32:51.000Z",
    "duration": 30949,
    "testsRegistered": 15,
    "passPercent": 100,
    "pendingPercent": 0,
    "other": 0,
    "hasOther": false,
    "skipped": 0,
    "hasSkipped": false
  },
  "results": [
    {
      "uuid": "d693437f-a33b-4542-8a7b-32e88a84837d",
      "title": "",
      "fullFile": "cypress/integration/UserRegistration/TC01-Home.spec.js",
      "file": "cypress/integration/UserRegistration/TC01-Home.spec.js",
      "beforeHooks": [],
      "afterHooks": [],
      "tests": [],
      "suites": [
        {
          "uuid": "3fe4de1b-69ef-4835-b464-fd181f995ebd",
          "title": "Testing the home page for automationpractice",
          "fullFile": "",
          "file": "",
          "beforeHooks": [],
          "afterHooks": [],
          "tests": [
            {
              "title": "check for image in the header",
              "fullTitle": "Testing the home page for automationpractice check for image in the header",
              "timedOut": null,
              "duration": 4364,
              "state": "passed",
              "speed": "slow",
              "pass": true,
              "fail": false,
              "pending": false,
              "context": null,
              "code": "cy.get('div.banner img').should('have.attr', 'src', 'http://automationpractice.com/modules/blockbanner/img/sale70.png');",
              "err": {},
              "uuid": "fcdb183f-bf13-4d93-b5fc-9302cedc9275",
              "parentUUID": "3fe4de1b-69ef-4835-b464-fd181f995ebd",
              "isHook": false,
              "skipped": false
            },
            {
              "title": "Check the contact us",
              "fullTitle": "Testing the home page for automationpractice Check the contact us",
              "timedOut": null,
              "duration": 79,
              "state": "passed",
              "speed": "slow",
              "pass": true,
              "fail": false,
              "pending": false,
              "context": null,
              "code": "cy.get('span.shop-phone').as('shopPhone');\ncy.get('@shopPhone').contains('Call us now');\ncy.get('@shopPhone').within(function () {\n  cy.get('strong').contains('0123-456-789');\n});",
              "err": {},
              "uuid": "8fc79aa1-7967-4b79-8e1a-04aa30addd6f",
              "parentUUID": "3fe4de1b-69ef-4835-b464-fd181f995ebd",
              "isHook": false,
              "skipped": false
            },
            {
              "title": "Find the content 'Contact us'",
              "fullTitle": "Testing the home page for automationpractice Find the content 'Contact us'",
              "timedOut": null,
              "duration": 37,
              "state": "passed",
              "speed": "fast",
              "pass": true,
              "fail": false,
              "pending": false,
              "context": null,
              "code": "cy.get('div#contact-link > a').contains('Contact us').should('have.attr', 'href', 'http://automationpractice.com/index.php?controller=contact').and('have.attr', 'title', 'Contact Us');",
              "err": {},
              "uuid": "28378de9-03e7-4dec-95e5-bb7bb91c2280",
              "parentUUID": "3fe4de1b-69ef-4835-b464-fd181f995ebd",
              "isHook": false,
              "skipped": false
            },
            {
              "title": "Find the content 'Sign in'",
              "fullTitle": "Testing the home page for automationpractice Find the content 'Sign in'",
              "timedOut": null,
              "duration": 25,
              "state": "passed",
              "speed": "fast",
              "pass": true,
              "fail": false,
              "pending": false,
              "context": null,
              "code": "cy.get('div.header_user_info > a').contains('Sign in').should('have.attr', 'href', 'http://automationpractice.com/index.php?controller=my-account').and('have.attr', 'title', 'Log in to your customer account');",
              "err": {},
              "uuid": "7aa08f9f-a1e9-46ed-a743-3504416020c1",
              "parentUUID": "3fe4de1b-69ef-4835-b464-fd181f995ebd",
              "isHook": false,
              "skipped": false
            },
            {
              "title": "homepage slider should have 5 images",
              "fullTitle": "Testing the home page for automationpractice homepage slider should have 5 images",
              "timedOut": null,
              "duration": 29,
              "state": "passed",
              "speed": "fast",
              "pass": true,
              "fail": false,
              "pending": false,
              "context": null,
              "code": "cy.get('div#homepage-slider ul > li').should('have.length', '5');",
              "err": {},
              "uuid": "01b3f89a-ab5d-40db-846c-971a811347f6",
              "parentUUID": "3fe4de1b-69ef-4835-b464-fd181f995ebd",
              "isHook": false,
              "skipped": false
            },
            {
              "title": "homepage slider description",
              "fullTitle": "Testing the home page for automationpractice homepage slider description",
              "timedOut": null,
              "duration": 57,
              "state": "passed",
              "speed": "medium",
              "pass": true,
              "fail": false,
              "pending": false,
              "context": null,
              "code": "cy.get('div#homepage-slider ul > li').eq(0).as('listItem');\ncy.get('@listItem').within(function () {\n  cy.get('a').should('have.attr', 'href', 'http://www.prestashop.com/?utm_source=v16_homeslider');\n  cy.contains('div.homeslider-description h2', 'EXCEPTEUR');\n  cy.contains('div.homeslider-description p:first', 'Lorem ipsum dolor sit amet, consectetur adipiscing elit. Proin tristique in tortor et dignissim. Quisque non tempor leo. Maecenas egestas sem elit');\n});",
              "err": {},
              "uuid": "a0f154a9-f8d7-4f3f-8ade-0c4785368921",
              "parentUUID": "3fe4de1b-69ef-4835-b464-fd181f995ebd",
              "isHook": false,
              "skipped": false
            },
            {
              "title": "Test the logo",
              "fullTitle": "Testing the home page for automationpractice Test the logo",
              "timedOut": null,
              "duration": 17,
              "state": "passed",
              "speed": "fast",
              "pass": true,
              "fail": false,
              "pending": false,
              "context": null,
              "code": "cy.get('div#header_logo > a').as('logo');\ncy.get('@logo').should('have.attr', 'href', 'http://automationpractice.com/').and('have.attr', 'title', 'My Store');",
              "err": {},
              "uuid": "e97e518c-7131-4cbc-9733-96f566b952e5",
              "parentUUID": "3fe4de1b-69ef-4835-b464-fd181f995ebd",
              "isHook": false,
              "skipped": false
            },
            {
              "title": "Should have 4 social media icons",
              "fullTitle": "Testing the home page for automationpractice Should have 4 social media icons",
              "timedOut": null,
              "duration": 25,
              "state": "passed",
              "speed": "fast",
              "pass": true,
              "fail": false,
              "pending": false,
              "context": null,
              "code": "cy.get('section#social_block ul>li').should('have.length', '4');",
              "err": {},
              "uuid": "f25ac3e5-19bb-4a5b-aae4-7c9073db0546",
              "parentUUID": "3fe4de1b-69ef-4835-b464-fd181f995ebd",
              "isHook": false,
              "skipped": false
            }
          ],
          "suites": [],
          "passes": [
            "fcdb183f-bf13-4d93-b5fc-9302cedc9275",
            "8fc79aa1-7967-4b79-8e1a-04aa30addd6f",
            "28378de9-03e7-4dec-95e5-bb7bb91c2280",
            "7aa08f9f-a1e9-46ed-a743-3504416020c1",
            "01b3f89a-ab5d-40db-846c-971a811347f6",
            "a0f154a9-f8d7-4f3f-8ade-0c4785368921",
            "e97e518c-7131-4cbc-9733-96f566b952e5",
            "f25ac3e5-19bb-4a5b-aae4-7c9073db0546"
          ],
          "failures": [],
          "pending": [],
          "skipped": [],
          "duration": 4633,
          "root": false,
          "rootEmpty": false,
          "_timeout": 2000
        }
      ],
      "passes": [],
      "failures": [],
      "pending": [],
      "skipped": [],
      "duration": 0,
      "root": true,
      "rootEmpty": true,
      "_timeout": 2000
    },
    {
      "uuid": "e33e9510-3bf3-4b2c-ad1b-b7610c1df49c",
      "title": "",
      "fullFile": "cypress/integration/UserRegistration/TC02_Userregister.spec.js",
      "file": "cypress/integration/UserRegistration/TC02_Userregister.spec.js",
      "beforeHooks": [],
      "afterHooks": [],
      "tests": [],
      "suites": [
        {
          "uuid": "7ed245ea-7f0b-4747-8577-ddf1c0b2047e",
          "title": "User Registration",
          "fullFile": "",
          "file": "",
          "beforeHooks": [],
          "afterHooks": [],
          "tests": [
            {
              "title": "Navigate to the Landing Page",
              "fullTitle": "User Registration Navigate to the Landing Page",
              "timedOut": null,
              "duration": 3384,
              "state": "passed",
              "speed": "slow",
              "pass": true,
              "fail": false,
              "pending": false,
              "context": null,
              "code": "cy.visit('http://automationpractice.com/index.php');",
              "err": {},
              "uuid": "5f51457e-15a7-43d7-bfea-132d2ef84636",
              "parentUUID": "7ed245ea-7f0b-4747-8577-ddf1c0b2047e",
              "isHook": false,
              "skipped": false
            },
            {
              "title": "Click signin button and enter your email to create an account",
              "fullTitle": "User Registration Click signin button and enter your email to create an account",
              "timedOut": null,
              "duration": 5358,
              "state": "passed",
              "speed": "slow",
              "pass": true,
              "fail": false,
              "pending": false,
              "context": null,
              "code": "function Name_Alpha_Email() {\n  var text = \"\";\n  var possible = \"abcdefghijk123456\";\n  for (var i = 0; i < 10; i++) {\n    text += possible.charAt(Math.floor(Math.random() * possible.length));\n  }\n  return text + \"@gmail.com\";\n}\ncy.wait(3000);\ncy.get('a.login').click();\nvar randomEmail = Name_Alpha_Email();\ncy.get('#email_create').type(randomEmail);\ncy.get('#SubmitCreate').click();",
              "err": {},
              "uuid": "73dcc6b9-92b5-4f2e-a003-5ffd553cd749",
              "parentUUID": "7ed245ea-7f0b-4747-8577-ddf1c0b2047e",
              "isHook": false,
              "skipped": false
            },
            {
              "title": "Fill Personal Information and click register button",
              "fullTitle": "User Registration Fill Personal Information and click register button",
              "timedOut": null,
              "duration": 12540,
              "state": "passed",
              "speed": "slow",
              "pass": true,
              "fail": false,
              "pending": false,
              "context": null,
              "code": "cy.wait(3000);\ncy.get('[type=\"radio\"]').first().check();\ncy.get('#customer_firstname').type('Timmy');\ncy.get('#customer_lastname').type('Gordon');\ncy.wait(3000);\ncy.get('#passwd').type('Allstar27');\ncy.get('#days').select('11');\ncy.get('#months').select('April');\ncy.get('#years').select('2000');\ncy.get('#address1').type('45 Mount Street');\ncy.get('#city').type('Anchorage');\ncy.wait(2000); //cy.get('#account-creation_form > .account_creation > .required > #uniform-id_state > #id_state').click()\ncy.get('#id_state.form-control').select('Alaska').should('have.value', '2');\ncy.get('#postcode').type('99501');\ncy.get('#id_country').select('United States');\ncy.get('#phone_mobile').type('907-923-0427');\ncy.get('#alias').type('46 Mount Street');\ncy.get('#submitAccount').click();",
              "err": {},
              "uuid": "b41da605-04a2-49b9-a1b7-c3aa5be3c9d8",
              "parentUUID": "7ed245ea-7f0b-4747-8577-ddf1c0b2047e",
              "isHook": false,
              "skipped": false
            }
          ],
          "suites": [],
          "passes": [
            "5f51457e-15a7-43d7-bfea-132d2ef84636",
            "73dcc6b9-92b5-4f2e-a003-5ffd553cd749",
            "b41da605-04a2-49b9-a1b7-c3aa5be3c9d8"
          ],
          "failures": [],
          "pending": [],
          "skipped": [],
          "duration": 21282,
          "root": false,
          "rootEmpty": false,
          "_timeout": 2000
        }
      ],
      "passes": [],
      "failures": [],
      "pending": [],
      "skipped": [],
      "duration": 0,
      "root": true,
      "rootEmpty": true,
      "_timeout": 2000
    },
    {
      "uuid": "982ec3be-b79f-43b4-b4f0-77afacc37eb7",
      "title": "",
      "fullFile": "cypress/integration/UserRegistration/TC03_Searchwomen.spec.js",
      "file": "cypress/integration/UserRegistration/TC03_Searchwomen.spec.js",
      "beforeHooks": [],
      "afterHooks": [],
      "tests": [],
      "suites": [
        {
          "uuid": "e13ff443-c37d-432d-bf5a-526285dbcb42",
          "title": "Women section",
          "fullFile": "",
          "file": "",
          "beforeHooks": [],
          "afterHooks": [],
          "tests": [
            {
              "title": "should open the women tab",
              "fullTitle": "Women section should open the women tab",
              "timedOut": null,
              "duration": 4779,
              "state": "passed",
              "speed": "slow",
              "pass": true,
              "fail": false,
              "pending": false,
              "context": null,
              "code": "cy.get('ul.sf-menu li').eq(0).click();\ncy.url().should('include', 'id_category=3');",
              "err": {},
              "uuid": "72b054ad-203b-4fcd-96e0-5329d891f607",
              "parentUUID": "e13ff443-c37d-432d-bf5a-526285dbcb42",
              "isHook": false,
              "skipped": false
            },
            {
              "title": "should have 2 subcategories",
              "fullTitle": "Women section should have 2 subcategories",
              "timedOut": null,
              "duration": 38,
              "state": "passed",
              "speed": "medium",
              "pass": true,
              "fail": false,
              "pending": false,
              "context": null,
              "code": "cy.get('div#subcategories ul > li').should('have.length', '2');",
              "err": {},
              "uuid": "02459147-92ee-4b9c-b4d0-6b5abcc392b6",
              "parentUUID": "e13ff443-c37d-432d-bf5a-526285dbcb42",
              "isHook": false,
              "skipped": false
            },
            {
              "title": "should check for first item in the list",
              "fullTitle": "Women section should check for first item in the list",
              "timedOut": null,
              "duration": 35,
              "state": "passed",
              "speed": "fast",
              "pass": true,
              "fail": false,
              "pending": false,
              "context": null,
              "code": "cy.get('ul.product_list > li').eq(0).contains('Faded Short Sleeve T-shirts');",
              "err": {},
              "uuid": "d795e6db-8dda-4252-a291-dedc503c9aaa",
              "parentUUID": "e13ff443-c37d-432d-bf5a-526285dbcb42",
              "isHook": false,
              "skipped": false
            },
            {
              "title": "sort by name and check first item",
              "fullTitle": "Women section sort by name and check first item",
              "timedOut": null,
              "duration": 182,
              "state": "passed",
              "speed": "slow",
              "pass": true,
              "fail": false,
              "pending": false,
              "context": null,
              "code": "cy.get('select#selectProductSort').select('name:asc');",
              "err": {},
              "uuid": "a884647d-3dee-473f-b138-70ebbb85c4cb",
              "parentUUID": "e13ff443-c37d-432d-bf5a-526285dbcb42",
              "isHook": false,
              "skipped": false
            }
          ],
          "suites": [],
          "passes": [
            "72b054ad-203b-4fcd-96e0-5329d891f607",
            "02459147-92ee-4b9c-b4d0-6b5abcc392b6",
            "d795e6db-8dda-4252-a291-dedc503c9aaa",
            "a884647d-3dee-473f-b138-70ebbb85c4cb"
          ],
          "failures": [],
          "pending": [],
          "skipped": [],
          "duration": 5034,
          "root": false,
          "rootEmpty": false,
          "_timeout": 2000
        }
      ],
      "passes": [],
      "failures": [],
      "pending": [],
      "skipped": [],
      "duration": 0,
      "root": true,
      "rootEmpty": true,
      "_timeout": 2000
    }
  ],
  "meta": {
    "mocha": {
      "version": "7.0.1"
    },
    "mochawesome": {
      "options": {
        "quiet": false,
        "reportFilename": "mochawesome",
        "saveHtml": false,
        "saveJson": true,
        "consoleReporter": "spec",
        "useInlineDiffs": false,
        "code": true
      },
      "version": "6.1.1"
    },
    "marge": {
      "options": {
        "id": "default",
        "reportDir": "cypress/reports/mocha",
        "quite": true,
        "overwrite": false,
        "html": false,
        "json": true
      },
      "version": "5.1.0"
    }
  }
}