{
  "stats": {
    "suites": 8,
    "tests": 34,
    "passes": 34,
    "pending": 0,
    "failures": 0,
    "start": "2020-08-03T09:26:07.537Z",
    "end": "2020-08-03T09:26:07.538Z",
    "duration": 104107,
    "testsRegistered": 34,
    "passPercent": 100,
    "pendingPercent": 0,
    "other": 0,
    "hasOther": false,
    "skipped": 0,
    "hasSkipped": false
  },
  "results": [
    {
      "uuid": "e8e4fc4b-5b57-4c1a-b6a1-2c1196e3205e",
      "title": "",
      "fullFile": "cypress/integration/TestSuite/TC01_Home.spec.js",
      "file": "cypress/integration/TestSuite/TC01_Home.spec.js",
      "beforeHooks": [],
      "afterHooks": [],
      "tests": [],
      "suites": [
        {
          "uuid": "40f86adf-baa2-4537-8ad6-a035d199c14e",
          "title": "Testing the home page for automationpractice",
          "fullFile": "",
          "file": "",
          "beforeHooks": [],
          "afterHooks": [],
          "tests": [
            {
              "title": "check for image in the header",
              "fullTitle": "Testing the home page for automationpractice check for image in the header",
              "timedOut": null,
              "duration": 4338,
              "state": "passed",
              "speed": "slow",
              "pass": true,
              "fail": false,
              "pending": false,
              "context": null,
              "code": "cy.get('div.banner img').should('have.attr', 'src', 'http://automationpractice.com/modules/blockbanner/img/sale70.png');",
              "err": {},
              "uuid": "99180540-b37b-4c2e-b388-786e4daf48d5",
              "parentUUID": "40f86adf-baa2-4537-8ad6-a035d199c14e",
              "isHook": false,
              "skipped": false
            },
            {
              "title": "Check the contact us",
              "fullTitle": "Testing the home page for automationpractice Check the contact us",
              "timedOut": null,
              "duration": 89,
              "state": "passed",
              "speed": "slow",
              "pass": true,
              "fail": false,
              "pending": false,
              "context": null,
              "code": "cy.get('span.shop-phone').as('shopPhone');\ncy.get('@shopPhone').contains('Call us now');\ncy.get('@shopPhone').within(function () {\n  cy.get('strong').contains('0123-456-789');\n});",
              "err": {},
              "uuid": "36cbc59d-4929-41e7-8139-f1d9a6117529",
              "parentUUID": "40f86adf-baa2-4537-8ad6-a035d199c14e",
              "isHook": false,
              "skipped": false
            },
            {
              "title": "Find the content 'Contact us'",
              "fullTitle": "Testing the home page for automationpractice Find the content 'Contact us'",
              "timedOut": null,
              "duration": 28,
              "state": "passed",
              "speed": "fast",
              "pass": true,
              "fail": false,
              "pending": false,
              "context": null,
              "code": "cy.get('div#contact-link > a').contains('Contact us').should('have.attr', 'href', 'http://automationpractice.com/index.php?controller=contact').and('have.attr', 'title', 'Contact Us');",
              "err": {},
              "uuid": "3b87fe9e-7d2b-4027-ac24-09a4474137eb",
              "parentUUID": "40f86adf-baa2-4537-8ad6-a035d199c14e",
              "isHook": false,
              "skipped": false
            },
            {
              "title": "Find the content 'Sign in'",
              "fullTitle": "Testing the home page for automationpractice Find the content 'Sign in'",
              "timedOut": null,
              "duration": 29,
              "state": "passed",
              "speed": "fast",
              "pass": true,
              "fail": false,
              "pending": false,
              "context": null,
              "code": "cy.get('div.header_user_info > a').contains('Sign in').should('have.attr', 'href', 'http://automationpractice.com/index.php?controller=my-account').and('have.attr', 'title', 'Log in to your customer account');",
              "err": {},
              "uuid": "20eda540-e710-461c-a403-364a28a1ce70",
              "parentUUID": "40f86adf-baa2-4537-8ad6-a035d199c14e",
              "isHook": false,
              "skipped": false
            },
            {
              "title": "homepage slider should have 5 images",
              "fullTitle": "Testing the home page for automationpractice homepage slider should have 5 images",
              "timedOut": null,
              "duration": 34,
              "state": "passed",
              "speed": "fast",
              "pass": true,
              "fail": false,
              "pending": false,
              "context": null,
              "code": "cy.get('div#homepage-slider ul > li').should('have.length', '5');",
              "err": {},
              "uuid": "1db9264a-a562-45ea-8fb1-77186aea5c01",
              "parentUUID": "40f86adf-baa2-4537-8ad6-a035d199c14e",
              "isHook": false,
              "skipped": false
            },
            {
              "title": "homepage slider description",
              "fullTitle": "Testing the home page for automationpractice homepage slider description",
              "timedOut": null,
              "duration": 56,
              "state": "passed",
              "speed": "medium",
              "pass": true,
              "fail": false,
              "pending": false,
              "context": null,
              "code": "cy.get('div#homepage-slider ul > li').eq(0).as('listItem');\ncy.get('@listItem').within(function () {\n  cy.get('a').should('have.attr', 'href', 'http://www.prestashop.com/?utm_source=v16_homeslider');\n  cy.contains('div.homeslider-description h2', 'EXCEPTEUR');\n  cy.contains('div.homeslider-description p:first', 'Lorem ipsum dolor sit amet, consectetur adipiscing elit. Proin tristique in tortor et dignissim. Quisque non tempor leo. Maecenas egestas sem elit');\n});",
              "err": {},
              "uuid": "85168c8c-f843-45eb-a6bb-fc325cdb6a2b",
              "parentUUID": "40f86adf-baa2-4537-8ad6-a035d199c14e",
              "isHook": false,
              "skipped": false
            },
            {
              "title": "Test the logo",
              "fullTitle": "Testing the home page for automationpractice Test the logo",
              "timedOut": null,
              "duration": 19,
              "state": "passed",
              "speed": "fast",
              "pass": true,
              "fail": false,
              "pending": false,
              "context": null,
              "code": "cy.get('div#header_logo > a').as('logo');\ncy.get('@logo').should('have.attr', 'href', 'http://automationpractice.com/').and('have.attr', 'title', 'My Store');",
              "err": {},
              "uuid": "72f3a8d6-9460-412b-9eb1-fedc93c59b39",
              "parentUUID": "40f86adf-baa2-4537-8ad6-a035d199c14e",
              "isHook": false,
              "skipped": false
            },
            {
              "title": "Should have 4 social media icons",
              "fullTitle": "Testing the home page for automationpractice Should have 4 social media icons",
              "timedOut": null,
              "duration": 25,
              "state": "passed",
              "speed": "fast",
              "pass": true,
              "fail": false,
              "pending": false,
              "context": null,
              "code": "cy.get('section#social_block ul>li').should('have.length', '4');",
              "err": {},
              "uuid": "32c3d0c3-8776-4805-b09d-24a05044d65a",
              "parentUUID": "40f86adf-baa2-4537-8ad6-a035d199c14e",
              "isHook": false,
              "skipped": false
            }
          ],
          "suites": [],
          "passes": [
            "99180540-b37b-4c2e-b388-786e4daf48d5",
            "36cbc59d-4929-41e7-8139-f1d9a6117529",
            "3b87fe9e-7d2b-4027-ac24-09a4474137eb",
            "20eda540-e710-461c-a403-364a28a1ce70",
            "1db9264a-a562-45ea-8fb1-77186aea5c01",
            "85168c8c-f843-45eb-a6bb-fc325cdb6a2b",
            "72f3a8d6-9460-412b-9eb1-fedc93c59b39",
            "32c3d0c3-8776-4805-b09d-24a05044d65a"
          ],
          "failures": [],
          "pending": [],
          "skipped": [],
          "duration": 4618,
          "root": false,
          "rootEmpty": false,
          "_timeout": 2000
        }
      ],
      "passes": [],
      "failures": [],
      "pending": [],
      "skipped": [],
      "duration": 0,
      "root": true,
      "rootEmpty": true,
      "_timeout": 2000
    },
    {
      "uuid": "a6ebf8ae-947f-43af-9ba2-b16b2136b169",
      "title": "",
      "fullFile": "cypress/integration/TestSuite/TC01.1_Homepom.spec.js",
      "file": "cypress/integration/TestSuite/TC01.1_Homepom.spec.js",
      "beforeHooks": [],
      "afterHooks": [],
      "tests": [],
      "suites": [
        {
          "uuid": "7e84c5d4-f70b-478d-83b8-06943a885c5a",
          "title": "HomePage",
          "fullFile": "",
          "file": "",
          "beforeHooks": [],
          "afterHooks": [],
          "tests": [
            {
              "title": "Testing the home page for automationpractice ",
              "fullTitle": "HomePage Testing the home page for automationpractice ",
              "timedOut": null,
              "duration": 5271,
              "state": "passed",
              "speed": "slow",
              "pass": true,
              "fail": false,
              "pending": false,
              "context": null,
              "code": "home.visit();\ncy.wait(2000);",
              "err": {},
              "uuid": "18575095-bba5-4acd-9d65-6b6a9756e9f6",
              "parentUUID": "7e84c5d4-f70b-478d-83b8-06943a885c5a",
              "isHook": false,
              "skipped": false
            },
            {
              "title": "check for image in the header",
              "fullTitle": "HomePage check for image in the header",
              "timedOut": null,
              "duration": 1057,
              "state": "passed",
              "speed": "slow",
              "pass": true,
              "fail": false,
              "pending": false,
              "context": null,
              "code": "home.checkimageheader();\ncy.wait(1000);",
              "err": {},
              "uuid": "9abf7d94-8df3-48fb-9904-38fa06b96fad",
              "parentUUID": "7e84c5d4-f70b-478d-83b8-06943a885c5a",
              "isHook": false,
              "skipped": false
            },
            {
              "title": "Check the contact us",
              "fullTitle": "HomePage Check the contact us",
              "timedOut": null,
              "duration": 1067,
              "state": "passed",
              "speed": "slow",
              "pass": true,
              "fail": false,
              "pending": false,
              "context": null,
              "code": "home.checkcontact();\ncy.wait(1000);",
              "err": {},
              "uuid": "3aadcfad-8080-497d-aac2-3dda12b2cbb0",
              "parentUUID": "7e84c5d4-f70b-478d-83b8-06943a885c5a",
              "isHook": false,
              "skipped": false
            },
            {
              "title": "Find the content 'Contact us'",
              "fullTitle": "HomePage Find the content 'Contact us'",
              "timedOut": null,
              "duration": 1041,
              "state": "passed",
              "speed": "slow",
              "pass": true,
              "fail": false,
              "pending": false,
              "context": null,
              "code": "home.findcontent();\ncy.wait(1000);",
              "err": {},
              "uuid": "938d0a17-405b-45f5-a081-4fe7f470361f",
              "parentUUID": "7e84c5d4-f70b-478d-83b8-06943a885c5a",
              "isHook": false,
              "skipped": false
            },
            {
              "title": "Find the content 'Sign in'",
              "fullTitle": "HomePage Find the content 'Sign in'",
              "timedOut": null,
              "duration": 1040,
              "state": "passed",
              "speed": "slow",
              "pass": true,
              "fail": false,
              "pending": false,
              "context": null,
              "code": "home.findcontentsignin();\ncy.wait(1000);",
              "err": {},
              "uuid": "924cb61f-94cd-47c5-b025-a139bea4da76",
              "parentUUID": "7e84c5d4-f70b-478d-83b8-06943a885c5a",
              "isHook": false,
              "skipped": false
            },
            {
              "title": "homepage slider should have 5 images",
              "fullTitle": "HomePage homepage slider should have 5 images",
              "timedOut": null,
              "duration": 1043,
              "state": "passed",
              "speed": "slow",
              "pass": true,
              "fail": false,
              "pending": false,
              "context": null,
              "code": "home.homeslider();\ncy.wait(1000);",
              "err": {},
              "uuid": "a915e8d2-fe95-4f3b-9e6e-e185436c3127",
              "parentUUID": "7e84c5d4-f70b-478d-83b8-06943a885c5a",
              "isHook": false,
              "skipped": false
            },
            {
              "title": "homepage slider description",
              "fullTitle": "HomePage homepage slider description",
              "timedOut": null,
              "duration": 1072,
              "state": "passed",
              "speed": "slow",
              "pass": true,
              "fail": false,
              "pending": false,
              "context": null,
              "code": "home.homesliderdescription();\ncy.wait(1000);",
              "err": {},
              "uuid": "013f6cff-ca2a-4740-b520-ec3331da69b5",
              "parentUUID": "7e84c5d4-f70b-478d-83b8-06943a885c5a",
              "isHook": false,
              "skipped": false
            },
            {
              "title": "Test the logo",
              "fullTitle": "HomePage Test the logo",
              "timedOut": null,
              "duration": 1026,
              "state": "passed",
              "speed": "slow",
              "pass": true,
              "fail": false,
              "pending": false,
              "context": null,
              "code": "home.checklogo();\ncy.wait(1000);",
              "err": {},
              "uuid": "45247175-9c93-4939-8722-819943ee1ea2",
              "parentUUID": "7e84c5d4-f70b-478d-83b8-06943a885c5a",
              "isHook": false,
              "skipped": false
            },
            {
              "title": "Should have 4 social media icons",
              "fullTitle": "HomePage Should have 4 social media icons",
              "timedOut": null,
              "duration": 44,
              "state": "passed",
              "speed": "medium",
              "pass": true,
              "fail": false,
              "pending": false,
              "context": null,
              "code": "home.checkicons();",
              "err": {},
              "uuid": "628e4545-13d5-461f-9868-a7efa2b03156",
              "parentUUID": "7e84c5d4-f70b-478d-83b8-06943a885c5a",
              "isHook": false,
              "skipped": false
            }
          ],
          "suites": [],
          "passes": [
            "18575095-bba5-4acd-9d65-6b6a9756e9f6",
            "9abf7d94-8df3-48fb-9904-38fa06b96fad",
            "3aadcfad-8080-497d-aac2-3dda12b2cbb0",
            "938d0a17-405b-45f5-a081-4fe7f470361f",
            "924cb61f-94cd-47c5-b025-a139bea4da76",
            "a915e8d2-fe95-4f3b-9e6e-e185436c3127",
            "013f6cff-ca2a-4740-b520-ec3331da69b5",
            "45247175-9c93-4939-8722-819943ee1ea2",
            "628e4545-13d5-461f-9868-a7efa2b03156"
          ],
          "failures": [],
          "pending": [],
          "skipped": [],
          "duration": 12661,
          "root": false,
          "rootEmpty": false,
          "_timeout": 2000
        }
      ],
      "passes": [],
      "failures": [],
      "pending": [],
      "skipped": [],
      "duration": 0,
      "root": true,
      "rootEmpty": true,
      "_timeout": 2000
    },
    {
      "uuid": "7d42c374-bfeb-472f-9853-9453f3f9bac4",
      "title": "",
      "fullFile": "cypress/integration/TestSuite/TC02_Userregister.spec.js",
      "file": "cypress/integration/TestSuite/TC02_Userregister.spec.js",
      "beforeHooks": [],
      "afterHooks": [],
      "tests": [],
      "suites": [
        {
          "uuid": "2036eb08-0d89-4c14-a638-6fd21a163ed3",
          "title": "User Registration",
          "fullFile": "",
          "file": "",
          "beforeHooks": [],
          "afterHooks": [],
          "tests": [
            {
              "title": "Navigate to the Landing Page",
              "fullTitle": "User Registration Navigate to the Landing Page",
              "timedOut": null,
              "duration": 2894,
              "state": "passed",
              "speed": "slow",
              "pass": true,
              "fail": false,
              "pending": false,
              "context": null,
              "code": "cy.visit('http://automationpractice.com/index.php');",
              "err": {},
              "uuid": "acb03ebb-0563-4221-a0b4-1db14bfbdd35",
              "parentUUID": "2036eb08-0d89-4c14-a638-6fd21a163ed3",
              "isHook": false,
              "skipped": false
            },
            {
              "title": "Click signin button and enter your email to create an account",
              "fullTitle": "User Registration Click signin button and enter your email to create an account",
              "timedOut": null,
              "duration": 5649,
              "state": "passed",
              "speed": "slow",
              "pass": true,
              "fail": false,
              "pending": false,
              "context": null,
              "code": "function Name_Alpha_Email() {\n  var text = \"\";\n  var possible = \"abcdefghijk123456\";\n  for (var i = 0; i < 10; i++) {\n    text += possible.charAt(Math.floor(Math.random() * possible.length));\n  }\n  return text + \"@gmail.com\";\n}\ncy.wait(3000);\ncy.get('a.login').click();\nvar randomEmail = Name_Alpha_Email();\ncy.get('#email_create').type(randomEmail);\ncy.get('#SubmitCreate').click();",
              "err": {},
              "uuid": "ce61a7ce-e7ad-4e66-9922-2c7a8ebffd0c",
              "parentUUID": "2036eb08-0d89-4c14-a638-6fd21a163ed3",
              "isHook": false,
              "skipped": false
            },
            {
              "title": "Fill Personal Information and click register button",
              "fullTitle": "User Registration Fill Personal Information and click register button",
              "timedOut": null,
              "duration": 17309,
              "state": "passed",
              "speed": "slow",
              "pass": true,
              "fail": false,
              "pending": false,
              "context": null,
              "code": "cy.wait(3000);\ncy.get('[type=\"radio\"]').first().check();\ncy.get('#customer_firstname').type('Timmy');\ncy.get('#customer_lastname').type('Gordon');\ncy.wait(3000);\ncy.get('#passwd').type('Allstar27');\ncy.get('#days').select('11');\ncy.get('#months').select('April');\ncy.get('#years').select('2000');\ncy.get('#address1').type('45 Mount Street');\ncy.get('#city').type('Anchorage');\ncy.wait(3000);\ncy.get('[name=\"id_state\"]').select('Alaska', {\n  force: true\n});\ncy.get('option').contains('Alaska').then(function (option) {\n  cy.wrap(option).contains('Alaska');\n  option[0].click();\n  cy.wait(3000);\n  cy.get('#postcode').type('99501');\n  cy.get('#id_country').select('United States');\n  cy.get('#phone_mobile').type('907-923-0427');\n  cy.get('#alias').clear().type('46 Mount Street');\n  cy.get('#submitAccount').click();\n});",
              "err": {},
              "uuid": "17235866-735b-4d90-b009-8c9abc0b6cad",
              "parentUUID": "2036eb08-0d89-4c14-a638-6fd21a163ed3",
              "isHook": false,
              "skipped": false
            }
          ],
          "suites": [],
          "passes": [
            "acb03ebb-0563-4221-a0b4-1db14bfbdd35",
            "ce61a7ce-e7ad-4e66-9922-2c7a8ebffd0c",
            "17235866-735b-4d90-b009-8c9abc0b6cad"
          ],
          "failures": [],
          "pending": [],
          "skipped": [],
          "duration": 25852,
          "root": false,
          "rootEmpty": false,
          "_timeout": 2000
        }
      ],
      "passes": [],
      "failures": [],
      "pending": [],
      "skipped": [],
      "duration": 0,
      "root": true,
      "rootEmpty": true,
      "_timeout": 2000
    },
    {
      "uuid": "d9641ccc-0aa4-4921-a028-066cc8323104",
      "title": "",
      "fullFile": "cypress/integration/TestSuite/TC03_Searchwomen.spec.js",
      "file": "cypress/integration/TestSuite/TC03_Searchwomen.spec.js",
      "beforeHooks": [],
      "afterHooks": [],
      "tests": [],
      "suites": [
        {
          "uuid": "b22feb37-b841-4770-b09b-e90a366ad886",
          "title": "Women section",
          "fullFile": "",
          "file": "",
          "beforeHooks": [],
          "afterHooks": [],
          "tests": [
            {
              "title": "should open the women tab",
              "fullTitle": "Women section should open the women tab",
              "timedOut": null,
              "duration": 5704,
              "state": "passed",
              "speed": "slow",
              "pass": true,
              "fail": false,
              "pending": false,
              "context": null,
              "code": "cy.get('ul.sf-menu li').eq(0).click();\ncy.url().should('include', 'id_category=3');",
              "err": {},
              "uuid": "bbe25138-8aa0-489a-ac80-cefd427cc4cd",
              "parentUUID": "b22feb37-b841-4770-b09b-e90a366ad886",
              "isHook": false,
              "skipped": false
            },
            {
              "title": "should have 2 subcategories",
              "fullTitle": "Women section should have 2 subcategories",
              "timedOut": null,
              "duration": 31,
              "state": "passed",
              "speed": "fast",
              "pass": true,
              "fail": false,
              "pending": false,
              "context": null,
              "code": "cy.get('div#subcategories ul > li').should('have.length', '2');",
              "err": {},
              "uuid": "bc6240a7-2ef8-4462-8c33-b373c8f07619",
              "parentUUID": "b22feb37-b841-4770-b09b-e90a366ad886",
              "isHook": false,
              "skipped": false
            },
            {
              "title": "should check for first item in the list",
              "fullTitle": "Women section should check for first item in the list",
              "timedOut": null,
              "duration": 36,
              "state": "passed",
              "speed": "fast",
              "pass": true,
              "fail": false,
              "pending": false,
              "context": null,
              "code": "cy.get('ul.product_list > li').eq(0).contains('Faded Short Sleeve T-shirts');",
              "err": {},
              "uuid": "3352d239-4e83-452b-9501-bf9b344119a5",
              "parentUUID": "b22feb37-b841-4770-b09b-e90a366ad886",
              "isHook": false,
              "skipped": false
            },
            {
              "title": "sort by name and check first item",
              "fullTitle": "Women section sort by name and check first item",
              "timedOut": null,
              "duration": 181,
              "state": "passed",
              "speed": "slow",
              "pass": true,
              "fail": false,
              "pending": false,
              "context": null,
              "code": "cy.get('select#selectProductSort').select('name:asc');",
              "err": {},
              "uuid": "0cc5373c-3c69-43c9-8667-d494f834ff67",
              "parentUUID": "b22feb37-b841-4770-b09b-e90a366ad886",
              "isHook": false,
              "skipped": false
            }
          ],
          "suites": [],
          "passes": [
            "bbe25138-8aa0-489a-ac80-cefd427cc4cd",
            "bc6240a7-2ef8-4462-8c33-b373c8f07619",
            "3352d239-4e83-452b-9501-bf9b344119a5",
            "0cc5373c-3c69-43c9-8667-d494f834ff67"
          ],
          "failures": [],
          "pending": [],
          "skipped": [],
          "duration": 5952,
          "root": false,
          "rootEmpty": false,
          "_timeout": 2000
        }
      ],
      "passes": [],
      "failures": [],
      "pending": [],
      "skipped": [],
      "duration": 0,
      "root": true,
      "rootEmpty": true,
      "_timeout": 2000
    },
    {
      "uuid": "a3876685-d909-414d-8b6e-a8ad99e47839",
      "title": "",
      "fullFile": "cypress/integration/TestSuite/TC03.1_Searchwomenpom.spec.js",
      "file": "cypress/integration/TestSuite/TC03.1_Searchwomenpom.spec.js",
      "beforeHooks": [],
      "afterHooks": [],
      "tests": [],
      "suites": [
        {
          "uuid": "0c657ce3-b754-4c8b-8d8f-7710fc7cdfd2",
          "title": "Women Section Page",
          "fullFile": "",
          "file": "",
          "beforeHooks": [],
          "afterHooks": [],
          "tests": [
            {
              "title": "Navigate to women section ",
              "fullTitle": "Women Section Page Navigate to women section ",
              "timedOut": null,
              "duration": 6467,
              "state": "passed",
              "speed": "slow",
              "pass": true,
              "fail": false,
              "pending": false,
              "context": null,
              "code": "womensection.visitpage();\ncy.wait(3000);",
              "err": {},
              "uuid": "6bc5cf7e-2046-4409-8367-708519e5de20",
              "parentUUID": "0c657ce3-b754-4c8b-8d8f-7710fc7cdfd2",
              "isHook": false,
              "skipped": false
            },
            {
              "title": "should open the women tab",
              "fullTitle": "Women Section Page should open the women tab",
              "timedOut": null,
              "duration": 2081,
              "state": "passed",
              "speed": "slow",
              "pass": true,
              "fail": false,
              "pending": false,
              "context": null,
              "code": "womensection.womentab();",
              "err": {},
              "uuid": "0508ced0-ee08-4c71-aa41-ae050901a486",
              "parentUUID": "0c657ce3-b754-4c8b-8d8f-7710fc7cdfd2",
              "isHook": false,
              "skipped": false
            },
            {
              "title": "should have 2 subcategories",
              "fullTitle": "Women Section Page should have 2 subcategories",
              "timedOut": null,
              "duration": 37,
              "state": "passed",
              "speed": "fast",
              "pass": true,
              "fail": false,
              "pending": false,
              "context": null,
              "code": "womensection.twocategories();",
              "err": {},
              "uuid": "bceca5c4-3b06-4e27-b410-318b5753fcb4",
              "parentUUID": "0c657ce3-b754-4c8b-8d8f-7710fc7cdfd2",
              "isHook": false,
              "skipped": false
            },
            {
              "title": "should check for first item in the list",
              "fullTitle": "Women Section Page should check for first item in the list",
              "timedOut": null,
              "duration": 43,
              "state": "passed",
              "speed": "medium",
              "pass": true,
              "fail": false,
              "pending": false,
              "context": null,
              "code": "womensection.checkforfirstItem();",
              "err": {},
              "uuid": "6d62b945-ca1f-4fc4-afcc-b9fe6915ba7e",
              "parentUUID": "0c657ce3-b754-4c8b-8d8f-7710fc7cdfd2",
              "isHook": false,
              "skipped": false
            },
            {
              "title": "sort by name and check first item",
              "fullTitle": "Women Section Page sort by name and check first item",
              "timedOut": null,
              "duration": 184,
              "state": "passed",
              "speed": "slow",
              "pass": true,
              "fail": false,
              "pending": false,
              "context": null,
              "code": "womensection.sortbyName();",
              "err": {},
              "uuid": "909201f8-78bd-4ee8-96e4-af1e65352324",
              "parentUUID": "0c657ce3-b754-4c8b-8d8f-7710fc7cdfd2",
              "isHook": false,
              "skipped": false
            }
          ],
          "suites": [],
          "passes": [
            "6bc5cf7e-2046-4409-8367-708519e5de20",
            "0508ced0-ee08-4c71-aa41-ae050901a486",
            "bceca5c4-3b06-4e27-b410-318b5753fcb4",
            "6d62b945-ca1f-4fc4-afcc-b9fe6915ba7e",
            "909201f8-78bd-4ee8-96e4-af1e65352324"
          ],
          "failures": [],
          "pending": [],
          "skipped": [],
          "duration": 8812,
          "root": false,
          "rootEmpty": false,
          "_timeout": 2000
        }
      ],
      "passes": [],
      "failures": [],
      "pending": [],
      "skipped": [],
      "duration": 0,
      "root": true,
      "rootEmpty": true,
      "_timeout": 2000
    },
    {
      "uuid": "9c81c9ff-15e1-45bf-beea-1dee5f5f691c",
      "title": "",
      "fullFile": "cypress/integration/TestSuite/TC04_Userlogin.spec.js",
      "file": "cypress/integration/TestSuite/TC04_Userlogin.spec.js",
      "beforeHooks": [],
      "afterHooks": [],
      "tests": [
        {
          "title": "User log in account page",
          "fullTitle": "User log in account page",
          "timedOut": null,
          "duration": 8458,
          "state": "passed",
          "speed": "slow",
          "pass": true,
          "fail": false,
          "pending": false,
          "context": null,
          "code": "cy.visit('http://automationpractice.com/index.php');\ncy.contains('a', 'Sign in').click();\ncy.get('#email').type('example@netguru.com');\ncy.get(\"#passwd\").type('password{enter}');\ncy.wait(2000);\ncy.title().should('include', 'My account');",
          "err": {},
          "uuid": "28c8618e-e4ae-4e81-b9f8-b38cf2085f1c",
          "parentUUID": "9c81c9ff-15e1-45bf-beea-1dee5f5f691c",
          "isHook": false,
          "skipped": false
        }
      ],
      "suites": [],
      "passes": [
        "28c8618e-e4ae-4e81-b9f8-b38cf2085f1c"
      ],
      "failures": [],
      "pending": [],
      "skipped": [],
      "duration": 8458,
      "root": true,
      "rootEmpty": false,
      "_timeout": 2000
    },
    {
      "uuid": "a602085c-db93-419a-b927-6750e2f8e6fd",
      "title": "",
      "fullFile": "cypress/integration/TestSuite/TCO2.1_Userregisterpom.spec.js",
      "file": "cypress/integration/TestSuite/TCO2.1_Userregisterpom.spec.js",
      "beforeHooks": [],
      "afterHooks": [],
      "tests": [],
      "suites": [
        {
          "uuid": "9cd141c5-50fd-4697-aa4e-89b994f4b580",
          "title": "User Registration",
          "fullFile": "",
          "file": "",
          "beforeHooks": [],
          "afterHooks": [],
          "tests": [
            {
              "title": "Navigate to Landing Page ",
              "fullTitle": "User Registration Navigate to Landing Page ",
              "timedOut": null,
              "duration": 3142,
              "state": "passed",
              "speed": "slow",
              "pass": true,
              "fail": false,
              "pending": false,
              "context": null,
              "code": "register.userRegister();",
              "err": {},
              "uuid": "c0f0d4b9-8986-4302-a533-982f1dba83c9",
              "parentUUID": "9cd141c5-50fd-4697-aa4e-89b994f4b580",
              "isHook": false,
              "skipped": false
            },
            {
              "title": "Click signin button and enter your email to create an account",
              "fullTitle": "User Registration Click signin button and enter your email to create an account",
              "timedOut": null,
              "duration": 5231,
              "state": "passed",
              "speed": "slow",
              "pass": true,
              "fail": false,
              "pending": false,
              "context": null,
              "code": "register.userEnterEmail();",
              "err": {},
              "uuid": "d41dac09-6286-4568-84b5-acfc3caf10ae",
              "parentUUID": "9cd141c5-50fd-4697-aa4e-89b994f4b580",
              "isHook": false,
              "skipped": false
            },
            {
              "title": "Fill Personal Information and click register button",
              "fullTitle": "User Registration Fill Personal Information and click register button",
              "timedOut": null,
              "duration": 17342,
              "state": "passed",
              "speed": "slow",
              "pass": true,
              "fail": false,
              "pending": false,
              "context": null,
              "code": "register.userFillInfo();",
              "err": {},
              "uuid": "8c765862-5391-456a-a13d-d1dbe3b55406",
              "parentUUID": "9cd141c5-50fd-4697-aa4e-89b994f4b580",
              "isHook": false,
              "skipped": false
            }
          ],
          "suites": [],
          "passes": [
            "c0f0d4b9-8986-4302-a533-982f1dba83c9",
            "d41dac09-6286-4568-84b5-acfc3caf10ae",
            "8c765862-5391-456a-a13d-d1dbe3b55406"
          ],
          "failures": [],
          "pending": [],
          "skipped": [],
          "duration": 25715,
          "root": false,
          "rootEmpty": false,
          "_timeout": 2000
        }
      ],
      "passes": [],
      "failures": [],
      "pending": [],
      "skipped": [],
      "duration": 0,
      "root": true,
      "rootEmpty": true,
      "_timeout": 2000
    },
    {
      "uuid": "75e43057-a728-4b6b-8968-9e5a7ba52bf6",
      "title": "",
      "fullFile": "cypress/integration/TestSuite/TCO4.1_Userloginpom.spec.js",
      "file": "cypress/integration/TestSuite/TCO4.1_Userloginpom.spec.js",
      "beforeHooks": [],
      "afterHooks": [],
      "tests": [],
      "suites": [
        {
          "uuid": "c62f56ef-667a-4cc9-89ee-94a1722b6450",
          "title": "User login",
          "fullFile": "",
          "file": "",
          "beforeHooks": [],
          "afterHooks": [],
          "tests": [
            {
              "title": "User navigate to home ",
              "fullTitle": "User login User navigate to home ",
              "timedOut": null,
              "duration": 12039,
              "state": "passed",
              "speed": "slow",
              "pass": true,
              "fail": false,
              "pending": false,
              "context": null,
              "code": "login.loginCredentails();\ncy.wait(2000);",
              "err": {},
              "uuid": "d644448e-a196-449e-8bb1-e9353db7f9bd",
              "parentUUID": "c62f56ef-667a-4cc9-89ee-94a1722b6450",
              "isHook": false,
              "skipped": false
            }
          ],
          "suites": [],
          "passes": [
            "d644448e-a196-449e-8bb1-e9353db7f9bd"
          ],
          "failures": [],
          "pending": [],
          "skipped": [],
          "duration": 12039,
          "root": false,
          "rootEmpty": false,
          "_timeout": 2000
        }
      ],
      "passes": [],
      "failures": [],
      "pending": [],
      "skipped": [],
      "duration": 0,
      "root": true,
      "rootEmpty": true,
      "_timeout": 2000
    }
  ],
  "meta": {
    "mocha": {
      "version": "7.0.1"
    },
    "mochawesome": {
      "options": {
        "quiet": false,
        "reportFilename": "mochawesome",
        "saveHtml": false,
        "saveJson": true,
        "consoleReporter": "spec",
        "useInlineDiffs": false,
        "code": true
      },
      "version": "6.1.1"
    },
    "marge": {
      "options": {
        "id": "default",
        "reportDir": "cypress/reports/mocha",
        "quite": true,
        "overwrite": false,
        "html": false,
        "json": true
      },
      "version": "5.1.0"
    }
  }
}